[2025-10-09 00:11:21] [auth] Kullanıcı çıkış yaptı (ID: 2)
[2025-10-09 00:11:28] [auth] Kullanıcı giriş yaptı: admin (ID: 1)
[2025-10-09 00:12:47] [auth] Kullanıcı çıkış yaptı (ID: 1)
[2025-10-09 00:12:55] [auth] Kullanıcı giriş yaptı: oakkalp (ID: 2)
[2025-10-09 00:21:35] [auth] Kullanıcı çıkış yaptı (ID: 2)
[2025-10-09 00:21:41] [auth] Kullanıcı giriş yaptı: oakkalp (ID: 2)
[2025-10-09 00:30:57] [auth] Kullanıcı çıkış yaptı (ID: 2)
[2025-10-09 00:31:21] [auth] Kullanıcı giriş yaptı: admin (ID: 1)
[2025-10-09 00:32:06] [auth] Kullanıcı çıkış yaptı (ID: 1)
[2025-10-09 00:32:12] [auth] Kullanıcı giriş yaptı: melih (ID: 5)
[2025-10-09 00:33:24] [auth] Kullanıcı çıkış yaptı (ID: 5)
[2025-10-09 00:33:29] [auth] Kullanıcı giriş yaptı: melih2 (ID: 6)
[2025-10-09 00:33:56] [auth] Kullanıcı çıkış yaptı (ID: 6)
[2025-10-09 00:34:01] [auth] Kullanıcı giriş yaptı: melih (ID: 5)
[2025-10-09 01:36:34] [auth] Kullanıcı çıkış yaptı (ID: 5)
[2025-10-09 01:36:42] [auth] Kullanıcı giriş yaptı: melih2 (ID: 6)
[2025-10-09 01:36:52] [auth] Kullanıcı çıkış yaptı (ID: 6)
[2025-10-09 01:36:59] [auth] Kullanıcı giriş yaptı: melih (ID: 5)
[2025-10-09 02:37:55] [auth] Kullanıcı çıkış yaptı (ID: 5)
[2025-10-09 02:38:06] [auth] Kullanıcı giriş yaptı: admin (ID: 1)
[2025-10-09 02:42:11] [auth] Kullanıcı çıkış yaptı (ID: 1)
[2025-10-09 02:42:28] [auth] Kullanıcı giriş yaptı: melih (ID: 5)
[2025-10-09 03:09:40] [auth] Kullanıcı giriş yaptı: melih (ID: 5)
[2025-10-09 03:09:50] [auth] Kullanıcı çıkış yaptı (ID: 5)
[2025-10-09 03:09:56] [auth] Kullanıcı giriş yaptı: melih (ID: 5)
[2025-10-09 03:10:39] [auth] Kullanıcı giriş yaptı: melih2 (ID: 6)
[2025-10-09 03:14:39] [auth] Kullanıcı çıkış yaptı (ID: 5)
[2025-10-09 03:14:47] [auth] Kullanıcı giriş yaptı: admin (ID: 1)
[2025-10-09 03:48:50] [auth] Kullanıcı giriş yaptı: melih (ID: 5)
[2025-10-09 03:50:12] [auth] Kullanıcı çıkış yaptı (ID: 5)
[2025-10-09 03:50:20] [auth] Kullanıcı giriş yaptı: admin (ID: 1)
[2025-10-09 04:00:02] [auth] Kullanıcı giriş yaptı: melih (ID: 5)
[2025-10-09 05:06:56] [auth] Kullanıcı çıkış yaptı (ID: 5)
[2025-10-09 05:07:03] [auth] Kullanıcı giriş yaptı: melih (ID: 5)
[2025-10-09 05:22:07] [auth] Kullanıcı çıkış yaptı (ID: 5)
[2025-10-09 05:22:12] [auth] Kullanıcı giriş yaptı: oakkalp (ID: 2)
[2025-10-09 05:22:27] [auth] Kullanıcı çıkış yaptı (ID: 2)
[2025-10-09 05:22:32] [auth] Kullanıcı giriş yaptı: melih (ID: 5)
[2025-10-09 13:55:35] [auth] Kullanıcı çıkış yaptı (ID: 5)
[2025-10-09 13:55:51] [auth] Kullanıcı giriş yaptı: admin (ID: 1)
[2025-10-09 13:56:06] [auth] Kullanıcı çıkış yaptı (ID: 1)
[2025-10-09 13:56:13] [auth] Kullanıcı giriş yaptı: melih (ID: 5)
[2025-10-09 13:58:39] [auth] Kullanıcı çıkış yaptı (ID: 5)
[2025-10-09 13:58:51] [auth] Kullanıcı giriş yaptı: melih2 (ID: 10)
[2025-10-09 13:59:10] [auth] Kullanıcı çıkış yaptı (ID: 10)
[2025-10-09 13:59:14] [auth] Kullanıcı giriş yaptı: melih (ID: 5)
[2025-10-09 15:27:38] [auth] Kullanıcı giriş yaptı: melih (ID: 5)
[2025-10-09 23:51:13] [auth] Kullanıcı giriş yaptı: melih2 (ID: 10)
[2025-10-09 23:52:46] [auth] Kullanıcı giriş yaptı: melih2 (ID: 10)
[2025-10-09 23:53:07] [auth] Kullanıcı giriş yaptı: melih (ID: 5)
