[2025-10-16 02:41:27] [auth] Kullanıcı çıkış yaptı (ID: 24)
[2025-10-16 02:41:40] [auth] Kullanıcı giriş yaptı: emrah2 (ID: 30)
[2025-10-16 02:46:06] [auth] Kullanıcı çıkış yaptı (ID: 30)
[2025-10-16 03:24:32] [auth] Kullanıcı giriş yaptı: emrah (ID: 24)
[2025-10-16 03:34:28] [auth] Flutter giriş: melih (ID: 13)
[2025-10-16 03:36:15] [auth] Flutter giriş: emrah2 (ID: 30)
[2025-10-16 03:39:31] [auth] Flutter giriş: emrah (ID: 24)
[2025-10-16 04:15:44] [cari] Flutter - Yeni cari oluşturuldu: 4 (ID: 64)
[2025-10-16 04:16:13] [cari] Flutter - Yeni cari oluşturuldu: 3 (ID: 65)
[2025-10-16 04:19:18] [cari] Flutter - Yeni cari oluşturuldu: 6 (ID: 66)
[2025-10-16 04:21:59] [cari] Flutter - Yeni cari oluşturuldu: p (ID: 67)
[2025-10-16 04:22:09] [cari] Flutter - Cari güncellendi: p (ID: 67)
[2025-10-16 04:52:52] [cari] Flutter - Cari silindi (ID: 65)
[2025-10-16 04:52:59] [cari] Flutter - Cari silindi (ID: 64)
[2025-10-16 04:53:10] [cari] Flutter - Cari güncellendi: 6 (ID: 66)
[2025-10-16 04:55:49] [cari] Flutter - Cari silindi (ID: 66)
[2025-10-16 04:56:00] [cari] Flutter - Cari güncellendi: Onur AKkalp (ID: 58)
[2025-10-16 05:03:32] [cari] Flutter - Cari güncellendi: Onur AKkalp (ID: 58)
[2025-10-16 06:14:43] [auth] Flutter giriş: emrah (ID: 24)
[2025-10-16 13:22:22] [cari] Flutter - Cari silindi (ID: 58)
[2025-10-16 13:52:05] [cari] Flutter - Cari güncellendi: p (ID: 67)
[2025-10-16 13:52:16] [cari] Flutter - Cari güncellendi: Onur AKkalp (ID: 63)
[2025-10-16 17:44:12] [cari] Flutter - Yeni cari oluşturuldu: ABC (ID: 68)
[2025-10-16 17:56:15] [auth] Flutter giriş: emrah2 (ID: 30)
[2025-10-16 17:57:29] [auth] Flutter giriş: emrah (ID: 24)
[2025-10-16 19:49:24] [cari] Flutter - Yeni cari oluşturuldu: uy (ID: 69)
[2025-10-16 19:52:30] [cari] Flutter - Yeni cari oluşturuldu: pppppppp (ID: 70)
[2025-10-16 19:58:00] [cari] Flutter - Yeni cari oluşturuldu: ppppppp (ID: 71)
[2025-10-16 20:03:34] [cari] Flutter - Yeni cari oluşturuldu: PK (ID: 72)
[2025-10-16 23:46:15] [auth] Flutter giriş: emrah2 (ID: 30)
[2025-10-16 23:49:59] [auth] Flutter giriş: emrah (ID: 24)
