[2025-10-11 02:49:03] [auth] Kullanıcı giriş yaptı: admin (ID: 1)
[2025-10-11 02:56:17] [auth] Kullanıcı çıkış yaptı (ID: 1)
[2025-10-11 02:56:56] [auth] Kullanıcı giriş yaptı: admin (ID: 1)
[2025-10-11 02:57:23] [auth] Kullanıcı çıkış yaptı (ID: 1)
[2025-10-11 02:57:28] [auth] Kullanıcı giriş yaptı: onur (ID: 14)
[2025-10-11 02:57:40] [auth] Kullanıcı çıkış yaptı (ID: 14)
[2025-10-11 02:58:05] [auth] Kullanıcı giriş yaptı: fedai (ID: 11)
[2025-10-11 03:41:58] [auth] Kullanıcı çıkış yaptı (ID: 11)
[2025-10-11 03:43:02] [auth] Kullanıcı giriş yaptı: admin (ID: 1)
[2025-10-11 03:50:30] [auth] Kullanıcı giriş yaptı: onur (ID: 14)
[2025-10-11 03:56:57] [auth] Kullanıcı çıkış yaptı (ID: 1)
[2025-10-11 03:57:47] [auth] Kullanıcı giriş yaptı: admin (ID: 1)
[2025-10-11 03:58:22] [auth] Kullanıcı çıkış yaptı (ID: 1)
[2025-10-11 03:58:30] [auth] Kullanıcı giriş yaptı: kadir (ID: 12)
[2025-10-11 03:59:54] [auth] Kullanıcı çıkış yaptı (ID: 12)
[2025-10-11 04:04:58] [auth] Kullanıcı giriş yaptı: kadir (ID: 12)
[2025-10-11 04:08:40] [auth] Kullanıcı giriş yaptı: kadir (ID: 12)
[2025-10-11 04:13:42] [auth] Kullanıcı giriş yaptı: kadir (ID: 12)
[2025-10-11 04:30:36] [auth] Kullanıcı giriş yaptı: kadir (ID: 12)
[2025-10-11 09:43:51] [auth] Kullanıcı giriş yaptı: melih (ID: 13)
[2025-10-11 13:43:12] [auth] Kullanıcı giriş yaptı: fedai (ID: 11)
[2025-10-11 13:46:11] [auth] Kullanıcı giriş yaptı: fedai (ID: 11)
[2025-10-11 13:47:26] [auth] Kullanıcı giriş yaptı: fedai (ID: 11)
[2025-10-11 14:23:37] [auth] Kullanıcı giriş yaptı: fedai (ID: 11)
[2025-10-11 14:25:09] [auth] Kullanıcı çıkış yaptı (ID: 11)
[2025-10-11 14:25:23] [auth] Kullanıcı giriş yaptı: yeliz (ID: 17)
[2025-10-11 14:25:32] [auth] Kullanıcı çıkış yaptı (ID: 17)
[2025-10-11 14:25:39] [auth] Kullanıcı giriş yaptı: yeliz (ID: 17)
[2025-10-11 14:26:51] [auth] Kullanıcı çıkış yaptı (ID: 17)
[2025-10-11 17:40:48] [auth] Kullanıcı giriş yaptı: melih (ID: 13)
[2025-10-11 18:41:31] [auth] Kullanıcı çıkış yaptı (ID: 13)
[2025-10-11 18:41:43] [auth] Kullanıcı giriş yaptı: melih (ID: 13)
[2025-10-11 18:57:55] [auth] Kullanıcı giriş yaptı: admin (ID: 1)
[2025-10-11 19:04:44] [auth] Kullanıcı giriş yaptı: melih (ID: 13)
[2025-10-11 19:05:14] [auth] Kullanıcı çıkış yaptı (ID: 13)
[2025-10-11 19:05:25] [auth] Kullanıcı giriş yaptı: admin (ID: 1)
[2025-10-11 19:08:31] [auth] Kullanıcı çıkış yaptı (ID: 1)
[2025-10-11 19:08:52] [auth] Kullanıcı giriş yaptı: melih (ID: 13)
[2025-10-11 19:59:42] [auth] Kullanıcı çıkış yaptı (ID: 13)
[2025-10-11 20:00:09] [auth] Kullanıcı giriş yaptı: fedai (ID: 11)
[2025-10-11 20:13:57] [auth] Kullanıcı çıkış yaptı (ID: 13)
[2025-10-11 20:14:16] [auth] Kullanıcı giriş yaptı: fedai (ID: 11)
[2025-10-11 20:14:51] [auth] Kullanıcı çıkış yaptı (ID: 11)
[2025-10-11 20:15:07] [auth] Kullanıcı giriş yaptı: melih (ID: 13)
[2025-10-11 20:35:52] [auth] Kullanıcı çıkış yaptı (ID: 13)
[2025-10-11 20:36:00] [auth] Kullanıcı giriş yaptı: melih (ID: 13)
[2025-10-11 21:14:58] [auth] Kullanıcı çıkış yaptı (ID: 13)
[2025-10-11 21:15:59] [auth] Kullanıcı giriş yaptı: melih2 (ID: 20)
[2025-10-11 21:20:40] [auth] Kullanıcı giriş yaptı: melih2 (ID: 20)
[2025-10-11 21:21:06] [auth] Kullanıcı çıkış yaptı (ID: 20)
[2025-10-11 21:23:04] [auth] Kullanıcı giriş yaptı: melih2 (ID: 20)
[2025-10-11 21:23:21] [auth] Kullanıcı çıkış yaptı (ID: 20)
[2025-10-11 21:23:35] [auth] Kullanıcı giriş yaptı: melih (ID: 13)
[2025-10-11 21:26:37] [auth] Kullanıcı çıkış yaptı (ID: 13)
[2025-10-11 21:26:44] [auth] Kullanıcı giriş yaptı: melih2 (ID: 20)
[2025-10-11 21:28:44] [auth] Kullanıcı giriş yaptı: melih2 (ID: 20)
[2025-10-11 21:33:41] [auth] Kullanıcı çıkış yaptı (ID: 20)
[2025-10-11 21:34:02] [auth] Kullanıcı giriş yaptı: melih (ID: 13)
[2025-10-11 21:34:43] [auth] Kullanıcı çıkış yaptı (ID: 13)
[2025-10-11 21:34:52] [auth] Kullanıcı giriş yaptı: melih2 (ID: 20)
[2025-10-11 21:36:00] [auth] Kullanıcı çıkış yaptı (ID: 20)
[2025-10-11 21:38:44] [auth] Kullanıcı giriş yaptı: melih (ID: 13)
[2025-10-11 21:49:25] [auth] Kullanıcı giriş yaptı: melih (ID: 13)
[2025-10-11 23:07:52] [auth] Kullanıcı giriş yaptı: melih (ID: 13)
[2025-10-11 23:08:11] [auth] Kullanıcı giriş yaptı: melih (ID: 13)
[2025-10-11 23:08:35] [auth] Kullanıcı giriş yaptı: melih (ID: 13)
[2025-10-11 23:08:55] [auth] Kullanıcı giriş yaptı: melih (ID: 13)
[2025-10-11 23:11:32] [auth] Kullanıcı giriş yaptı: melih (ID: 13)
[2025-10-11 23:37:36] [auth] Kullanıcı giriş yaptı: melih (ID: 13)
[2025-10-11 23:40:28] [auth] Kullanıcı giriş yaptı: melih (ID: 13)
[2025-10-11 23:42:18] [auth] Kullanıcı giriş yaptı: melih (ID: 13)
