[2025-10-15 01:18:46] [auth] Kullanıcı çıkış yaptı (ID: 24)
[2025-10-15 11:57:59] [auth] Kullanıcı giriş yaptı: emrah (ID: 24)
[2025-10-15 14:31:07] [auth] Kullanıcı giriş yaptı: melih (ID: 13)
[2025-10-15 14:31:13] [auth] Kullanıcı giriş yaptı: urfreklam (ID: 25)
[2025-10-15 14:34:17] [auth] Kullanıcı giriş yaptı: urfreklam (ID: 25)
[2025-10-15 14:37:57] [auth] Kullanıcı giriş yaptı: melih (ID: 13)
[2025-10-15 14:42:40] [auth] Kullanıcı çıkış yaptı (ID: 13)
[2025-10-15 14:42:49] [auth] Kullanıcı giriş yaptı: urfreklam (ID: 25)
[2025-10-15 14:42:57] [auth] Kullanıcı giriş yaptı: urfreklam (ID: 25)
[2025-10-15 14:46:16] [auth] Kullanıcı giriş yaptı: urfreklam (ID: 25)
[2025-10-15 14:46:29] [auth] Kullanıcı çıkış yaptı (ID: 25)
[2025-10-15 14:46:56] [auth] Kullanıcı giriş yaptı: urfreklam (ID: 25)
[2025-10-15 14:47:00] [auth] Kullanıcı giriş yaptı: urfreklam (ID: 25)
[2025-10-15 14:47:58] [auth] Kullanıcı giriş yaptı: urfreklam (ID: 25)
[2025-10-15 14:48:09] [auth] Kullanıcı giriş yaptı: urfreklam (ID: 25)
[2025-10-15 14:56:45] [auth] Kullanıcı giriş yaptı: urfreklam (ID: 25)
[2025-10-15 14:58:19] [auth] Kullanıcı giriş yaptı: urfreklam (ID: 25)
[2025-10-15 14:59:03] [auth] Kullanıcı giriş yaptı: urfreklam (ID: 25)
[2025-10-15 15:00:46] [auth] Kullanıcı çıkış yaptı (ID: 25)
[2025-10-15 15:01:12] [auth] Kullanıcı giriş yaptı: urfreklam (ID: 25)
[2025-10-15 15:01:55] [auth] Kullanıcı çıkış yaptı (ID: 25)
[2025-10-15 15:02:04] [auth] Kullanıcı giriş yaptı: salim2 (ID: 26)
[2025-10-15 15:18:04] [auth] Kullanıcı çıkış yaptı (ID: 25)
[2025-10-15 15:18:12] [auth] Kullanıcı giriş yaptı: emrah (ID: 24)
[2025-10-15 18:24:06] [auth] Kullanıcı giriş yaptı: urfreklam (ID: 25)
[2025-10-15 23:20:24] [auth] Kullanıcı çıkış yaptı (ID: 24)
[2025-10-15 23:20:34] [auth] Kullanıcı giriş yaptı: emrah (ID: 24)
