[2025-10-17 01:29:04] [auth] Kullanıcı çıkış yaptı (ID: 24)
[2025-10-17 01:29:20] [auth] Kullanıcı giriş yaptı: admin (ID: 1)
[2025-10-17 01:29:51] [auth] Kullanıcı çıkış yaptı (ID: 1)
[2025-10-17 01:30:02] [auth] Kullanıcı giriş yaptı: melih (ID: 13)
[2025-10-17 02:10:53] [auth] Flutter profil güncelleme: emrah (ID: 24)
[2025-10-17 02:29:46] [auth] Flutter giriş: emrah2 (ID: 30)
[2025-10-17 02:31:22] [auth] Kullanıcı çıkış yaptı (ID: 13)
[2025-10-17 02:31:34] [auth] Kullanıcı giriş yaptı: emrah (ID: 24)
[2025-10-17 02:33:07] [auth] Flutter giriş: emrah2 (ID: 30)
[2025-10-17 02:38:45] [auth] Flutter giriş: melih2 (ID: 23)
[2025-10-17 02:41:12] [auth] Flutter giriş: emrah (ID: 24)
[2025-10-17 02:53:56] [auth] Flutter giriş: melih (ID: 13)
[2025-10-17 03:04:42] [auth] Kullanıcı giriş yaptı: emrah (ID: 24)
[2025-10-17 03:18:12] [auth] Flutter giriş: emrah (ID: 24)
[2025-10-17 03:19:37] [auth] Kullanıcı çıkış yaptı (ID: 24)
[2025-10-17 03:20:02] [auth] Kullanıcı giriş yaptı: fedai (ID: 11)
[2025-10-17 03:22:41] [auth] Flutter giriş: urfreklam (ID: 25)
[2025-10-17 10:22:13] [auth] Flutter giriş: emrah (ID: 24)
[2025-10-17 10:23:40] [auth] Flutter giriş: emrah2 (ID: 30)
[2025-10-17 10:53:29] [auth] Flutter giriş: melih (ID: 13)
[2025-10-17 11:09:40] [auth] Kullanıcı giriş yaptı: emrah (ID: 24)
[2025-10-17 11:10:19] [cari] Flutter - Yeni cari oluşturuldu: aşf foto (ID: 77)
[2025-10-17 11:10:40] [auth] Kullanıcı çıkış yaptı (ID: 24)
[2025-10-17 11:10:46] [auth] Kullanıcı çıkış yaptı (ID: )
[2025-10-17 11:10:50] [auth] Kullanıcı giriş yaptı: melih (ID: 13)
[2025-10-17 12:44:50] [auth] Flutter giriş: urfreklam (ID: 25)
[2025-10-17 14:06:42] [auth] Kullanıcı giriş yaptı: urfreklam (ID: 25)
